build/app/outputs/mapping/release/mapping.txt
# compiler: R8
# compiler_version: 1.5.64
# min_api: 16
# pg_map_id: 7704881
com.example.phidbac.MainActivity -> com.example.phidbac.MainActivity:
    void configureFlutterEngine(io.flutter.embedding.engine.FlutterEngine) -> a
...
io.flutter.embedding.engine.systemchannels.SettingsChannel$MessageBuilder -> io.flutter.embedding.engine.i.h$a:
    java.util.Map message -> b
    io.flutter.plugin.common.BasicMessageChannel channel -> a
    void send() -> a
    io.flutter.embedding.engine.systemchannels.SettingsChannel$MessageBuilder setPlatformBrightness(io.flutter.embedding.engine.systemchannels.SettingsChannel$PlatformBrightness) -> a
    io.flutter.embedding.engine.systemchannels.SettingsChannel$MessageBuilder setTextScaleFactor(float) -> a
    io.flutter.embedding.engine.systemchannels.SettingsChannel$MessageBuilder setUse24HourFormat(boolean) -> a
io.flutter.embedding.engine.systemchannels.SettingsChannel$PlatformBrightness -> io.flutter.embedding.engine.i.h$b:
    io.flutter.embedding.engine.systemchannels.SettingsChannel$PlatformBrightness dark -> c
    io.flutter.embedding.engine.systemchannels.SettingsChannel$PlatformBrightness[] $VALUES -> d
    io.flutter.embedding.engine.systemchannels.SettingsChannel$PlatformBrightness light -> b
    java.lang.String name -> a
io.flutter.embedding.engine.systemchannels.SystemChannel -> io.flutter.embedding.engine.i.i:
    io.flutter.plugin.common.BasicMessageChannel channel -> a
    void sendMemoryPressureWarning() -> a
io.flutter.embedding.engine.systemchannels.TextInputChannel -> io.flutter.embedding.engine.i.j:
    io.flutter.plugin.common.MethodChannel$MethodCallHandler parsingMethodHandler -> c
    io.flutter.embedding.engine.systemchannels.TextInputChannel$TextInputMethodHandler textInputMethodHandler -> b
    io.flutter.plugin.common.MethodChannel channel -> a
    io.flutter.embedding.engine.systemchannels.TextInputChannel$TextInputMethodHandler access$000(io.flutter.embedding.engine.systemchannels.TextInputChannel) -> a
    void done(int) -> a
    void requestExistingInputState() -> a
    void setTextInputMethodHandler(io.flutter.embedding.engine.systemchannels.TextInputChannel$TextInputMethodHandler) -> a
    void updateEditingState(int,java.lang.String,int,int,int,int) -> a
    void go(int) -> b
    void newline(int) -> c
    void next(int) -> d
    void previous(int) -> e
    void search(int) -> f
    void send(int) -> g
    void unspecifiedAction(int) -> h
io.flutter.embedding.engine.systemchannels.TextInputChannel$1 -> io.flutter.embedding.engine.i.j$a:
    io.flutter.embedding.engine.systemchannels.TextInputChannel this$0 -> a
    void onMethodCall(io.flutter.plugin.common.MethodCall,io.flutter.plugin.common.MethodChannel$Result) -> a
io.flutter.embedding.engine.systemchannels.TextInputChannel$Configuration -> io.flutter.embedding.engine.i.j$b:
    java.lang.String actionLabel -> g
    java.lang.Integer inputAction -> f
    io.flutter.embedding.engine.systemchannels.TextInputChannel$InputType inputType -> e
    boolean obscureText -> a
    boolean autocorrect -> b
    boolean enableSuggestions -> c
    io.flutter.embedding.engine.systemchannels.TextInputChannel$TextCapitalization textCapitalization -> d
    io.flutter.embedding.engine.systemchannels.TextInputChannel$Configuration fromJson(org.json.JSONObject) -> a
    java.lang.Integer inputActionFromTextInputAction(java.lang.String) -> a
io.flutter.embedding.engine.systemchannels.TextInputChannel$InputType -> io.flutter.embedding.engine.i.j$c:
    io.flutter.embedding.engine.systemchannels.TextInputChannel$TextInputType type -> a
    boolean isSigned -> b
    boolean isDecimal -> c
    io.flutter.embedding.engine.systemchannels.TextInputChannel$InputType fromJson(org.json.JSONObject) -> a